<?xml version="1.0" encoding="UTF-8"?>
<testsuite name="Abrir el archivo de pdf Tarifas de Cuentas Depositos" tests="1" skipped="0" failures="0" errors="0" timestamp="2020-07-03T19:28:22" hostname="CPX-Y85D9VHJPOU" time="29.91">
  <properties/>
  <testcase name="Requiero abrir el documento de PDF en la página de Banistmo" classname="Abrir el archivo de pdf Tarifas de Cuentas Depositos" time="29.91"/>
  <system-out><![CDATA[]]></system-out>
  <system-err><![CDATA[Jul 03, 2020 2:28:24 PM org.openqa.selenium.remote.DesiredCapabilities chrome
INFO: Using `new ChromeOptions()` is preferred to `DesiredCapabilities.chrome()`
Starting ChromeDriver 83.0.4103.39 (ccbf011cb2d2b19b506d844400483861342c20cd-refs/branch-heads/4103@{#416}) on port 16983
Only local connections are allowed.
Please see https://chromedriver.chromium.org/security-considerations for suggestions on keeping ChromeDriver safe.
ChromeDriver was started successfully.
Jul 03, 2020 2:28:31 PM org.openqa.selenium.remote.ProtocolHandshake createSession
INFO: Detected dialect: W3C
[Test worker] INFO net.serenitybdd.core.Serenity - 
        __    _____ _____ ____ _____   ____   _    ____  ____  _____ ____  
  _     \ \  |_   _| ____/ ___|_   _| |  _ \ / \  / ___|/ ___|| ____|  _ \ 
 (_)_____| |   | | |  _| \___ \ | |   | |_) / _ \ \___ \\___ \|  _| | | | |
  _|_____| |   | | | |___ ___) || |   |  __/ ___ \ ___) |___) | |___| |_| |
 (_)     | |   |_| |_____|____/ |_|   |_| /_/   \_\____/|____/|_____|____/ 
        /_/                                                                

TEST PASSED: Requiero abrir el documento de PDF en la página de Banistmo
----------------------------------------------------------------------------
]]></system-err>
</testsuite>
